<?xml version="1.0" encoding="UTF-8"?>
<testng-results ignored="0" total="11" passed="10" failed="1" skipped="0">
  <reporter-output>
  </reporter-output>
  <suite started-at="2020-08-22T22:18:00 IST" name="Surefire suite" finished-at="2020-08-22T22:21:48 IST" duration-ms="227843">
    <groups>
    </groups>
    <test started-at="2020-08-22T22:18:00 IST" name="Surefire test" finished-at="2020-08-22T22:21:48 IST" duration-ms="227843">
      <class name="com.samplecrm.qa.testcases.HomePageTest">
        <test-method is-config="true" signature="setup()[pri:0, instance:com.samplecrm.qa.testcases.HomePageTest@58a9760d]" started-at="2020-08-22T22:20:13 IST" name="setup" finished-at="2020-08-22T22:20:30 IST" duration-ms="16673" status="PASS">
          <reporter-output>
          </reporter-output>
        </test-method> <!-- setup -->
        <test-method signature="clickContactsLinkTest()[pri:0, instance:com.samplecrm.qa.testcases.HomePageTest@58a9760d]" started-at="2020-08-22T22:20:30 IST" name="clickContactsLinkTest" finished-at="2020-08-22T22:20:31 IST" duration-ms="1334" status="PASS">
          <reporter-output>
          </reporter-output>
        </test-method> <!-- clickContactsLinkTest -->
        <test-method is-config="true" signature="teardown()[pri:0, instance:com.samplecrm.qa.testcases.HomePageTest@58a9760d]" started-at="2020-08-22T22:20:31 IST" name="teardown" finished-at="2020-08-22T22:20:32 IST" duration-ms="618" status="PASS">
          <reporter-output>
          </reporter-output>
        </test-method> <!-- teardown -->
        <test-method is-config="true" signature="setup()[pri:0, instance:com.samplecrm.qa.testcases.HomePageTest@58a9760d]" started-at="2020-08-22T22:20:32 IST" name="setup" finished-at="2020-08-22T22:20:48 IST" duration-ms="16823" status="PASS">
          <reporter-output>
          </reporter-output>
        </test-method> <!-- setup -->
        <test-method signature="verifyCRMImageTest()[pri:0, instance:com.samplecrm.qa.testcases.HomePageTest@58a9760d]" started-at="2020-08-22T22:20:48 IST" name="verifyCRMImageTest" finished-at="2020-08-22T22:20:48 IST" duration-ms="53" status="PASS">
          <reporter-output>
          </reporter-output>
        </test-method> <!-- verifyCRMImageTest -->
        <test-method is-config="true" signature="teardown()[pri:0, instance:com.samplecrm.qa.testcases.HomePageTest@58a9760d]" started-at="2020-08-22T22:20:48 IST" name="teardown" finished-at="2020-08-22T22:20:49 IST" duration-ms="629" status="PASS">
          <reporter-output>
          </reporter-output>
        </test-method> <!-- teardown -->
        <test-method is-config="true" signature="setup()[pri:0, instance:com.samplecrm.qa.testcases.HomePageTest@58a9760d]" started-at="2020-08-22T22:20:49 IST" name="setup" finished-at="2020-08-22T22:21:08 IST" duration-ms="19293" status="PASS">
          <reporter-output>
          </reporter-output>
        </test-method> <!-- setup -->
        <test-method signature="verifyUserTest()[pri:0, instance:com.samplecrm.qa.testcases.HomePageTest@58a9760d]" started-at="2020-08-22T22:21:08 IST" name="verifyUserTest" finished-at="2020-08-22T22:21:08 IST" duration-ms="58" status="PASS">
          <reporter-output>
          </reporter-output>
        </test-method> <!-- verifyUserTest -->
        <test-method is-config="true" signature="teardown()[pri:0, instance:com.samplecrm.qa.testcases.HomePageTest@58a9760d]" started-at="2020-08-22T22:21:08 IST" name="teardown" finished-at="2020-08-22T22:21:09 IST" duration-ms="629" status="PASS">
          <reporter-output>
          </reporter-output>
        </test-method> <!-- teardown -->
      </class> <!-- com.samplecrm.qa.testcases.HomePageTest -->
      <class name="com.samplecrm.qa.testcases.ContactsPageTest">
        <test-method is-config="true" signature="setup()[pri:0, instance:com.samplecrm.qa.testcases.ContactsPageTest@7530ad9c]" started-at="2020-08-22T22:18:01 IST" name="setup" finished-at="2020-08-22T22:18:20 IST" duration-ms="19564" status="PASS">
          <reporter-output>
          </reporter-output>
        </test-method> <!-- setup -->
        <test-method signature="addContact(java.lang.String, java.lang.String, java.lang.String, java.lang.String)[pri:0, instance:com.samplecrm.qa.testcases.ContactsPageTest@7530ad9c]" started-at="2020-08-22T22:18:20 IST" name="addContact" data-provider="getCRMTestData" finished-at="2020-08-22T22:18:24 IST" duration-ms="3457" status="PASS">
          <params>
            <param index="0">
              <value>
                <![CDATA[Mr.]]>
              </value>
            </param>
            <param index="1">
              <value>
                <![CDATA[Spider]]>
              </value>
            </param>
            <param index="2">
              <value>
                <![CDATA[Man]]>
              </value>
            </param>
            <param index="3">
              <value>
                <![CDATA[Sony]]>
              </value>
            </param>
          </params>
          <reporter-output>
          </reporter-output>
        </test-method> <!-- addContact -->
        <test-method is-config="true" signature="teardown()[pri:0, instance:com.samplecrm.qa.testcases.ContactsPageTest@7530ad9c]" started-at="2020-08-22T22:18:24 IST" name="teardown" finished-at="2020-08-22T22:18:24 IST" duration-ms="632" status="PASS">
          <reporter-output>
          </reporter-output>
        </test-method> <!-- teardown -->
        <test-method is-config="true" signature="setup()[pri:0, instance:com.samplecrm.qa.testcases.ContactsPageTest@7530ad9c]" started-at="2020-08-22T22:18:24 IST" name="setup" finished-at="2020-08-22T22:18:42 IST" duration-ms="17958" status="PASS">
          <reporter-output>
          </reporter-output>
        </test-method> <!-- setup -->
        <test-method signature="addContact(java.lang.String, java.lang.String, java.lang.String, java.lang.String)[pri:0, instance:com.samplecrm.qa.testcases.ContactsPageTest@7530ad9c]" started-at="2020-08-22T22:18:42 IST" name="addContact" data-provider="getCRMTestData" finished-at="2020-08-22T22:18:46 IST" duration-ms="3498" status="PASS">
          <params>
            <param index="0">
              <value>
                <![CDATA[Dr.]]>
              </value>
            </param>
            <param index="1">
              <value>
                <![CDATA[Stephen]]>
              </value>
            </param>
            <param index="2">
              <value>
                <![CDATA[Strange]]>
              </value>
            </param>
            <param index="3">
              <value>
                <![CDATA[Marvel]]>
              </value>
            </param>
          </params>
          <reporter-output>
          </reporter-output>
        </test-method> <!-- addContact -->
        <test-method is-config="true" signature="teardown()[pri:0, instance:com.samplecrm.qa.testcases.ContactsPageTest@7530ad9c]" started-at="2020-08-22T22:18:46 IST" name="teardown" finished-at="2020-08-22T22:18:46 IST" duration-ms="609" status="PASS">
          <reporter-output>
          </reporter-output>
        </test-method> <!-- teardown -->
        <test-method is-config="true" signature="setup()[pri:0, instance:com.samplecrm.qa.testcases.ContactsPageTest@7530ad9c]" started-at="2020-08-22T22:18:46 IST" name="setup" finished-at="2020-08-22T22:19:06 IST" duration-ms="19885" status="PASS">
          <reporter-output>
          </reporter-output>
        </test-method> <!-- setup -->
        <test-method signature="addContact(java.lang.String, java.lang.String, java.lang.String, java.lang.String)[pri:0, instance:com.samplecrm.qa.testcases.ContactsPageTest@7530ad9c]" started-at="2020-08-22T22:19:06 IST" name="addContact" data-provider="getCRMTestData" finished-at="2020-08-22T22:19:10 IST" duration-ms="3598" status="PASS">
          <params>
            <param index="0">
              <value>
                <![CDATA[Mr.]]>
              </value>
            </param>
            <param index="1">
              <value>
                <![CDATA[Super]]>
              </value>
            </param>
            <param index="2">
              <value>
                <![CDATA[Man]]>
              </value>
            </param>
            <param index="3">
              <value>
                <![CDATA[DC]]>
              </value>
            </param>
          </params>
          <reporter-output>
          </reporter-output>
        </test-method> <!-- addContact -->
        <test-method is-config="true" signature="teardown()[pri:0, instance:com.samplecrm.qa.testcases.ContactsPageTest@7530ad9c]" started-at="2020-08-22T22:19:10 IST" name="teardown" finished-at="2020-08-22T22:19:11 IST" duration-ms="631" status="PASS">
          <reporter-output>
          </reporter-output>
        </test-method> <!-- teardown -->
        <test-method is-config="true" signature="setup()[pri:0, instance:com.samplecrm.qa.testcases.ContactsPageTest@7530ad9c]" started-at="2020-08-22T22:19:11 IST" name="setup" finished-at="2020-08-22T22:19:28 IST" duration-ms="17855" status="PASS">
          <reporter-output>
          </reporter-output>
        </test-method> <!-- setup -->
        <test-method signature="selectSingleContactsTest()[pri:0, instance:com.samplecrm.qa.testcases.ContactsPageTest@7530ad9c]" started-at="2020-08-22T22:19:28 IST" name="selectSingleContactsTest" finished-at="2020-08-22T22:19:53 IST" duration-ms="25010" status="FAIL">
          <exception class="org.openqa.selenium.NoSuchElementException">
            <message>
              <![CDATA[no such element: Unable to locate element: {"method":"xpath","selector":"(//a[@_name='Divya Dutta'])[1]/parent::td/preceding-sibling::td/input"}
  (Session info: chrome=84.0.4147.135)
For documentation on this error, please visit: https://selenium.dev/exceptions/#no_such_element
Build info: version: '4.0.0-alpha-6', revision: '5f43a29cfc'
System info: host: 'DESKTOP-8RJMFA9', ip: '192.168.1.18', os.name: 'Windows 10', os.arch: 'amd64', os.version: '10.0', java.version: '9.0.4'
Driver info: org.openqa.selenium.chrome.ChromeDriver
Capabilities {acceptInsecureCerts: false, browserName: chrome, browserVersion: 84.0.4147.135, chrome: {chromedriverVersion: 84.0.4147.30 (48b3e868b4cc0..., userDataDir: C:\Users\Yatan\AppData\Loca...}, goog:chromeOptions: {debuggerAddress: localhost:53007}, javascriptEnabled: true, networkConnectionEnabled: false, pageLoadStrategy: normal, platform: WINDOWS, platformName: WINDOWS, proxy: Proxy(), setWindowRect: true, strictFileInteractability: false, timeouts: {implicit: 0, pageLoad: 300000, script: 30000}, unhandledPromptBehavior: dismiss and notify, webauthn:virtualAuthenticators: true}
Session ID: a982d88b9894c2860012fa191b882487
*** Element info: {Using=xpath, value=(//a[@_name='Divya Dutta'])[1]/parent::td/preceding-sibling::td/input}]]>
            </message>
            <full-stacktrace>
              <![CDATA[org.openqa.selenium.NoSuchElementException: no such element: Unable to locate element: {"method":"xpath","selector":"(//a[@_name='Divya Dutta'])[1]/parent::td/preceding-sibling::td/input"}
  (Session info: chrome=84.0.4147.135)
For documentation on this error, please visit: https://selenium.dev/exceptions/#no_such_element
Build info: version: '4.0.0-alpha-6', revision: '5f43a29cfc'
System info: host: 'DESKTOP-8RJMFA9', ip: '192.168.1.18', os.name: 'Windows 10', os.arch: 'amd64', os.version: '10.0', java.version: '9.0.4'
Driver info: org.openqa.selenium.chrome.ChromeDriver
Capabilities {acceptInsecureCerts: false, browserName: chrome, browserVersion: 84.0.4147.135, chrome: {chromedriverVersion: 84.0.4147.30 (48b3e868b4cc0..., userDataDir: C:\Users\Yatan\AppData\Loca...}, goog:chromeOptions: {debuggerAddress: localhost:53007}, javascriptEnabled: true, networkConnectionEnabled: false, pageLoadStrategy: normal, platform: WINDOWS, platformName: WINDOWS, proxy: Proxy(), setWindowRect: true, strictFileInteractability: false, timeouts: {implicit: 0, pageLoad: 300000, script: 30000}, unhandledPromptBehavior: dismiss and notify, webauthn:virtualAuthenticators: true}
Session ID: a982d88b9894c2860012fa191b882487
*** Element info: {Using=xpath, value=(//a[@_name='Divya Dutta'])[1]/parent::td/preceding-sibling::td/input}
at java.base/jdk.internal.reflect.NativeConstructorAccessorImpl.newInstance0(Native Method)
at java.base/jdk.internal.reflect.NativeConstructorAccessorImpl.newInstance(NativeConstructorAccessorImpl.java:62)
at java.base/jdk.internal.reflect.DelegatingConstructorAccessorImpl.newInstance(DelegatingConstructorAccessorImpl.java:45)
at java.base/java.lang.reflect.Constructor.newInstance(Constructor.java:488)
at org.openqa.selenium.remote.codec.w3c.W3CHttpResponseCodec.createException(W3CHttpResponseCodec.java:196)
at org.openqa.selenium.remote.codec.w3c.W3CHttpResponseCodec.decode(W3CHttpResponseCodec.java:129)
at org.openqa.selenium.remote.codec.w3c.W3CHttpResponseCodec.decode(W3CHttpResponseCodec.java:53)
at org.openqa.selenium.remote.HttpCommandExecutor.execute(HttpCommandExecutor.java:160)
at org.openqa.selenium.remote.service.DriverCommandExecutor.execute(DriverCommandExecutor.java:83)
at org.openqa.selenium.remote.RemoteWebDriver.execute(RemoteWebDriver.java:582)
at org.openqa.selenium.remote.RemoteWebDriver.findElement(RemoteWebDriver.java:333)
at org.openqa.selenium.remote.RemoteWebDriver.findElementByXPath(RemoteWebDriver.java:451)
at org.openqa.selenium.By$ByXPath.findElement(By.java:394)
at org.openqa.selenium.remote.RemoteWebDriver.findElement(RemoteWebDriver.java:325)
at com.samplecrm.qa.pages.ContactsPage.selectContacts(ContactsPage.java:37)
at com.samplecrm.qa.testcases.ContactsPageTest.selectSingleContactsTest(ContactsPageTest.java:44)
at java.base/jdk.internal.reflect.NativeMethodAccessorImpl.invoke0(Native Method)
at java.base/jdk.internal.reflect.NativeMethodAccessorImpl.invoke(NativeMethodAccessorImpl.java:62)
at java.base/jdk.internal.reflect.DelegatingMethodAccessorImpl.invoke(DelegatingMethodAccessorImpl.java:43)
at java.base/java.lang.reflect.Method.invoke(Method.java:564)
at org.testng.internal.MethodInvocationHelper.invokeMethod(MethodInvocationHelper.java:134)
at org.testng.internal.TestInvoker.invokeMethod(TestInvoker.java:597)
at org.testng.internal.TestInvoker.invokeTestMethod(TestInvoker.java:173)
at org.testng.internal.MethodRunner.runInSequence(MethodRunner.java:46)
at org.testng.internal.TestInvoker$MethodInvocationAgent.invoke(TestInvoker.java:816)
at org.testng.internal.TestInvoker.invokeTestMethods(TestInvoker.java:146)
at org.testng.internal.TestMethodWorker.invokeTestMethods(TestMethodWorker.java:146)
at org.testng.internal.TestMethodWorker.run(TestMethodWorker.java:128)
at java.base/java.util.ArrayList.forEach(ArrayList.java:1380)
at org.testng.TestRunner.privateRun(TestRunner.java:766)
at org.testng.TestRunner.run(TestRunner.java:587)
at org.testng.SuiteRunner.runTest(SuiteRunner.java:384)
at org.testng.SuiteRunner.runSequentially(SuiteRunner.java:378)
at org.testng.SuiteRunner.privateRun(SuiteRunner.java:337)
at org.testng.SuiteRunner.run(SuiteRunner.java:286)
at org.testng.SuiteRunnerWorker.runSuite(SuiteRunnerWorker.java:53)
at org.testng.SuiteRunnerWorker.run(SuiteRunnerWorker.java:96)
at org.testng.TestNG.runSuitesSequentially(TestNG.java:1187)
at org.testng.TestNG.runSuitesLocally(TestNG.java:1109)
at org.testng.TestNG.runSuites(TestNG.java:1039)
at org.testng.TestNG.run(TestNG.java:1007)
at org.apache.maven.surefire.testng.TestNGExecutor.run(TestNGExecutor.java:135)
at org.apache.maven.surefire.testng.TestNGDirectoryTestSuite.executeMulti(TestNGDirectoryTestSuite.java:193)
at org.apache.maven.surefire.testng.TestNGDirectoryTestSuite.execute(TestNGDirectoryTestSuite.java:94)
at org.apache.maven.surefire.testng.TestNGProvider.invoke(TestNGProvider.java:146)
at org.apache.maven.surefire.booter.ForkedBooter.invokeProviderInSameClassLoader(ForkedBooter.java:384)
at org.apache.maven.surefire.booter.ForkedBooter.runSuitesInProcess(ForkedBooter.java:345)
at org.apache.maven.surefire.booter.ForkedBooter.execute(ForkedBooter.java:126)
at org.apache.maven.surefire.booter.ForkedBooter.main(ForkedBooter.java:418)
]]>
            </full-stacktrace>
          </exception> <!-- org.openqa.selenium.NoSuchElementException -->
          <reporter-output>
          </reporter-output>
        </test-method> <!-- selectSingleContactsTest -->
        <test-method is-config="true" signature="teardown()[pri:0, instance:com.samplecrm.qa.testcases.ContactsPageTest@7530ad9c]" started-at="2020-08-22T22:19:53 IST" name="teardown" finished-at="2020-08-22T22:19:54 IST" duration-ms="627" status="PASS">
          <reporter-output>
          </reporter-output>
        </test-method> <!-- teardown -->
        <test-method is-config="true" signature="setup()[pri:0, instance:com.samplecrm.qa.testcases.ContactsPageTest@7530ad9c]" started-at="2020-08-22T22:19:54 IST" name="setup" finished-at="2020-08-22T22:20:12 IST" duration-ms="18260" status="PASS">
          <reporter-output>
          </reporter-output>
        </test-method> <!-- setup -->
        <test-method signature="verifyContactsPageLabel()[pri:0, instance:com.samplecrm.qa.testcases.ContactsPageTest@7530ad9c]" started-at="2020-08-22T22:20:12 IST" name="verifyContactsPageLabel" finished-at="2020-08-22T22:20:12 IST" duration-ms="24" status="PASS">
          <reporter-output>
          </reporter-output>
        </test-method> <!-- verifyContactsPageLabel -->
        <test-method is-config="true" signature="teardown()[pri:0, instance:com.samplecrm.qa.testcases.ContactsPageTest@7530ad9c]" started-at="2020-08-22T22:20:12 IST" name="teardown" finished-at="2020-08-22T22:20:13 IST" duration-ms="607" status="PASS">
          <reporter-output>
          </reporter-output>
        </test-method> <!-- teardown -->
      </class> <!-- com.samplecrm.qa.testcases.ContactsPageTest -->
      <class name="com.samplecrm.qa.testcases.LoginPageTest">
        <test-method is-config="true" signature="setup()[pri:0, instance:com.samplecrm.qa.testcases.LoginPageTest@71e9ddb4]" started-at="2020-08-22T22:21:09 IST" name="setup" finished-at="2020-08-22T22:21:19 IST" duration-ms="9731" status="PASS">
          <reporter-output>
          </reporter-output>
        </test-method> <!-- setup -->
        <test-method signature="ImageTest()[pri:0, instance:com.samplecrm.qa.testcases.LoginPageTest@71e9ddb4]" started-at="2020-08-22T22:21:19 IST" name="ImageTest" finished-at="2020-08-22T22:21:19 IST" duration-ms="42" status="PASS">
          <reporter-output>
          </reporter-output>
        </test-method> <!-- ImageTest -->
        <test-method is-config="true" signature="teardown()[pri:0, instance:com.samplecrm.qa.testcases.LoginPageTest@71e9ddb4]" started-at="2020-08-22T22:21:19 IST" name="teardown" finished-at="2020-08-22T22:21:19 IST" duration-ms="626" status="PASS">
          <reporter-output>
          </reporter-output>
        </test-method> <!-- teardown -->
        <test-method is-config="true" signature="setup()[pri:0, instance:com.samplecrm.qa.testcases.LoginPageTest@71e9ddb4]" started-at="2020-08-22T22:21:19 IST" name="setup" finished-at="2020-08-22T22:21:29 IST" duration-ms="9975" status="PASS">
          <reporter-output>
          </reporter-output>
        </test-method> <!-- setup -->
        <test-method signature="TitleTest()[pri:0, instance:com.samplecrm.qa.testcases.LoginPageTest@71e9ddb4]" started-at="2020-08-22T22:21:29 IST" name="TitleTest" finished-at="2020-08-22T22:21:29 IST" duration-ms="19" status="PASS">
          <reporter-output>
          </reporter-output>
        </test-method> <!-- TitleTest -->
        <test-method is-config="true" signature="teardown()[pri:0, instance:com.samplecrm.qa.testcases.LoginPageTest@71e9ddb4]" started-at="2020-08-22T22:21:29 IST" name="teardown" finished-at="2020-08-22T22:21:31 IST" duration-ms="1090" status="PASS">
          <reporter-output>
          </reporter-output>
        </test-method> <!-- teardown -->
        <test-method is-config="true" signature="setup()[pri:0, instance:com.samplecrm.qa.testcases.LoginPageTest@71e9ddb4]" started-at="2020-08-22T22:21:31 IST" name="setup" finished-at="2020-08-22T22:21:41 IST" duration-ms="9933" status="PASS">
          <reporter-output>
          </reporter-output>
        </test-method> <!-- setup -->
        <test-method signature="loginTest()[pri:0, instance:com.samplecrm.qa.testcases.LoginPageTest@71e9ddb4]" started-at="2020-08-22T22:21:41 IST" name="loginTest" finished-at="2020-08-22T22:21:48 IST" duration-ms="6988" status="PASS">
          <reporter-output>
          </reporter-output>
        </test-method> <!-- loginTest -->
        <test-method is-config="true" signature="teardown()[pri:0, instance:com.samplecrm.qa.testcases.LoginPageTest@71e9ddb4]" started-at="2020-08-22T22:21:48 IST" name="teardown" finished-at="2020-08-22T22:21:48 IST" duration-ms="614" status="PASS">
          <reporter-output>
          </reporter-output>
        </test-method> <!-- teardown -->
      </class> <!-- com.samplecrm.qa.testcases.LoginPageTest -->
    </test> <!-- Surefire test -->
  </suite> <!-- Surefire suite -->
</testng-results>
